\BOOKMARK [0][-]{chapter*.1}{\376\377\000E\000r\000k\000l\000\344\000r\000u\000n\000g}{}% 1
\BOOKMARK [0][-]{chapter*.3}{\376\377\000K\000u\000r\000z\000f\000a\000s\000s\000u\000n\000g}{}% 2
\BOOKMARK [0][-]{chapter*.4}{\376\377\000A\000b\000s\000t\000r\000a\000c\000t}{}% 3
\BOOKMARK [0][-]{chapter.1}{\376\377\000E\000i\000n\000l\000e\000i\000t\000u\000n\000g}{}% 4
\BOOKMARK [1][-]{section.1.1}{\376\377\000A\000u\000s\000g\000a\000n\000g\000s\000s\000i\000t\000u\000a\000t\000i\000o\000n}{chapter.1}% 5
\BOOKMARK [1][-]{section.1.2}{\376\377\000Z\000i\000e\000l\000s\000e\000t\000z\000u\000n\000g}{chapter.1}% 6
\BOOKMARK [0][-]{chapter.2}{\376\377\000I\000n\000d\000u\000s\000t\000r\000i\000e\000\040\0004\000.\0000}{}% 7
\BOOKMARK [0][-]{chapter.3}{\376\377\000I\000n\000t\000e\000r\000n\000e\000t\000\040\000o\000f\000\040\000T\000h\000i\000n\000g\000s}{}% 8
\BOOKMARK [1][-]{section.3.1}{\376\377\000I\000n\000t\000e\000r\000n\000e\000t\000\040\000o\000f\000\040\000E\000v\000e\000r\000y\000t\000h\000i\000n\000g}{chapter.3}% 9
\BOOKMARK [1][-]{section.3.2}{\376\377\000I\000n\000t\000e\000r\000n\000e\000t\000\040\000o\000f\000\040\000T\000h\000i\000n\000g\000s}{chapter.3}% 10
\BOOKMARK [1][-]{section.3.3}{\376\377\000I\000n\000t\000e\000r\000n\000e\000t\000\040\000o\000f\000\040\000I\000n\000d\000u\000s\000t\000r\000i\000a\000l\000\040\000T\000h\000i\000n\000g\000s}{chapter.3}% 11
\BOOKMARK [0][-]{chapter.4}{\376\377\000M\000i\000n\000d\000S\000p\000h\000e\000r\000e}{}% 12
\BOOKMARK [1][-]{section.4.1}{\376\377\000M\000i\000n\000d\000S\000p\000h\000e\000r\000e\000\040\000S\000i\000e\000m\000e\000n\000s}{chapter.4}% 13
\BOOKMARK [1][-]{section.4.2}{\376\377\000V\000e\000r\000g\000l\000e\000i\000c\000h\000b\000a\000r\000e\000\040\000S\000y\000s\000t\000e\000m\000e}{chapter.4}% 14
\BOOKMARK [0][-]{chapter.5}{\376\377\000A\000u\000f\000g\000a\000b\000e\000n\000s\000t\000e\000l\000l\000u\000n\000g}{}% 15
\BOOKMARK [0][-]{chapter.6}{\376\377\000I\000m\000p\000l\000e\000m\000e\000n\000t\000i\000e\000r\000u\000n\000g}{}% 16
\BOOKMARK [1][-]{section.6.1}{\376\377\000H\000a\000r\000d\000w\000a\000r\000e}{chapter.6}% 17
\BOOKMARK [1][-]{section.6.2}{\376\377\000S\000o\000f\000t\000w\000a\000r\000e}{chapter.6}% 18
\BOOKMARK [0][-]{chapter.7}{\376\377\000Z\000u\000s\000a\000m\000m\000e\000n\000f\000a\000s\000s\000u\000n\000g\000\040\000u\000n\000d\000\040\000A\000u\000s\000b\000l\000i\000c\000k}{}% 19
\BOOKMARK [0][-]{appendix*.5}{\376\377\000Q\000u\000e\000l\000l\000e\000n\000v\000e\000r\000z\000e\000i\000c\000h\000n\000i\000s}{}% 20
